# JRE version: Java(TM) SE Runtime Environment (8.0_101-b13) (build 1.8.0_101-b13)
# Java VM: Java HotSpot(TM) 64-Bit Server VM (25.101-b13 mixed mode windows-amd64 compressed oops)
Heap:
 PSYoungGen      total 499200K, used 86736K [0x0000000715980000, 0x000000073f080000, 0x00000007c0000000)
  eden space 474624K, 18% used [0x0000000715980000,0x000000071ae34128,0x0000000732900000)
  from space 24576K, 0% used [0x0000000732900000,0x0000000732900000,0x0000000734100000)
  to   space 25600K, 0% used [0x000000073d780000,0x000000073d780000,0x000000073f080000)
 ParOldGen       total 500736K, used 39821K [0x00000005c0c00000, 0x00000005df500000, 0x0000000715980000)
  object space 500736K, 7% used [0x00000005c0c00000,0x00000005c32e36e0,0x00000005df500000)
 Metaspace       used 58218K, capacity 59151K, committed 59352K, reserved 1101824K
  class space    used 7724K, capacity 7920K, committed 7936K, reserved 1048576K
GC Heap History (10 events):
Event: 12.970 GC heap before
{Heap before GC invocations=6 (full 2):
 PSYoungGen      total 360960K, used 17470K [0x0000000715980000, 0x000000072d480000, 0x00000007c0000000)
  eden space 343040K, 0% used [0x0000000715980000,0x0000000715980000,0x000000072a880000)
  from space 17920K, 97% used [0x000000072c300000,0x000000072d40f848,0x000000072d480000)
  to   space 21504K, 0% used [0x000000072aa80000,0x000000072aa80000,0x000000072bf80000)
 ParOldGen       total 227328K, used 17326K [0x00000005c0c00000, 0x00000005cea00000, 0x0000000715980000)
  object space 227328K, 7% used [0x00000005c0c00000,0x00000005c1cebb80,0x00000005cea00000)
 Metaspace       used 34805K, capacity 35300K, committed 35416K, reserved 1079296K
  class space    used 4562K, capacity 4694K, committed 4736K, reserved 1048576K
Event: 13.017 GC heap after
Heap after GC invocations=6 (full 2):
 PSYoungGen      total 360960K, used 0K [0x0000000715980000, 0x000000072d480000, 0x00000007c0000000)
  eden space 343040K, 0% used [0x0000000715980000,0x0000000715980000,0x000000072a880000)
  from space 17920K, 0% used [0x000000072c300000,0x000000072c300000,0x000000072d480000)
  to   space 21504K, 0% used [0x000000072aa80000,0x000000072aa80000,0x000000072bf80000)
 ParOldGen       total 358912K, used 29234K [0x00000005c0c00000, 0x00000005d6a80000, 0x0000000715980000)
  object space 358912K, 8% used [0x00000005c0c00000,0x00000005c288cba8,0x00000005d6a80000)
 Metaspace       used 34805K, capacity 35300K, committed 35416K, reserved 1079296K
  class space    used 4562K, capacity 4694K, committed 4736K, reserved 1048576K
}
Event: 14.686 GC heap before
{Heap before GC invocations=7 (full 2):
 PSYoungGen      total 360960K, used 343040K [0x0000000715980000, 0x000000072d480000, 0x00000007c0000000)
  eden space 343040K, 100% used [0x0000000715980000,0x000000072a880000,0x000000072a880000)
  from space 17920K, 0% used [0x000000072c300000,0x000000072c300000,0x000000072d480000)
  to   space 21504K, 0% used [0x000000072aa80000,0x000000072aa80000,0x000000072bf80000)
 ParOldGen       total 358912K, used 29234K [0x00000005c0c00000, 0x00000005d6a80000, 0x0000000715980000)
  object space 358912K, 8% used [0x00000005c0c00000,0x00000005c288cba8,0x00000005d6a80000)
 Metaspace       used 47366K, capacity 48032K, committed 48344K, reserved 1091584K
  class space    used 6201K, capacity 6336K, committed 6400K, reserved 1048576K
Event: 14.696 GC heap after
Heap after GC invocations=7 (full 2):
 PSYoungGen      total 366592K, used 21012K [0x0000000715980000, 0x0000000735680000, 0x00000007c0000000)
  eden space 345088K, 0% used [0x0000000715980000,0x0000000715980000,0x000000072aa80000)
  from space 21504K, 97% used [0x000000072aa80000,0x000000072bf05308,0x000000072bf80000)
  to   space 20992K, 0% used [0x0000000734200000,0x0000000734200000,0x0000000735680000)
 ParOldGen       total 358912K, used 29242K [0x00000005c0c00000, 0x00000005d6a80000, 0x0000000715980000)
  object space 358912K, 8% used [0x00000005c0c00000,0x00000005c288eba8,0x00000005d6a80000)
 Metaspace       used 47366K, capacity 48032K, committed 48344K, reserved 1091584K
  class space    used 6201K, capacity 6336K, committed 6400K, reserved 1048576K
}
Event: 16.360 GC heap before
{Heap before GC invocations=8 (full 2):
 PSYoungGen      total 366592K, used 366100K [0x0000000715980000, 0x0000000735680000, 0x00000007c0000000)
  eden space 345088K, 100% used [0x0000000715980000,0x000000072aa80000,0x000000072aa80000)
  from space 21504K, 97% used [0x000000072aa80000,0x000000072bf05308,0x000000072bf80000)
  to   space 20992K, 0% used [0x0000000734200000,0x0000000734200000,0x0000000735680000)
 ParOldGen       total 358912K, used 29242K [0x00000005c0c00000, 0x00000005d6a80000, 0x0000000715980000)
  object space 358912K, 8% used [0x00000005c0c00000,0x00000005c288eba8,0x00000005d6a80000)
 Metaspace       used 51673K, capacity 52430K, committed 52568K, reserved 1095680K
  class space    used 6829K, capacity 6980K, committed 7040K, reserved 1048576K
Event: 16.370 GC heap after
Heap after GC invocations=8 (full 2):
 PSYoungGen      total 495616K, used 20968K [0x0000000715980000, 0x0000000735900000, 0x00000007c0000000)
  eden space 474624K, 0% used [0x0000000715980000,0x0000000715980000,0x0000000732900000)
  from space 20992K, 99% used [0x0000000734200000,0x000000073567a0d0,0x0000000735680000)
  to   space 24576K, 0% used [0x0000000732900000,0x0000000732900000,0x0000000734100000)
 ParOldGen       total 358912K, used 33160K [0x00000005c0c00000, 0x00000005d6a80000, 0x0000000715980000)
  object space 358912K, 9% used [0x00000005c0c00000,0x00000005c2c62130,0x00000005d6a80000)
 Metaspace       used 51673K, capacity 52430K, committed 52568K, reserved 1095680K
  class space    used 6829K, capacity 6980K, committed 7040K, reserved 1048576K
}
Event: 25.050 GC heap before
{Heap before GC invocations=9 (full 2):
 PSYoungGen      total 495616K, used 203360K [0x0000000715980000, 0x0000000735900000, 0x00000007c0000000)
  eden space 474624K, 38% used [0x0000000715980000,0x0000000720b9df78,0x0000000732900000)
  from space 20992K, 99% used [0x0000000734200000,0x000000073567a0d0,0x0000000735680000)
  to   space 24576K, 0% used [0x0000000732900000,0x0000000732900000,0x0000000734100000)
 ParOldGen       total 358912K, used 33160K [0x00000005c0c00000, 0x00000005d6a80000, 0x0000000715980000)
  object space 358912K, 9% used [0x00000005c0c00000,0x00000005c2c62130,0x00000005d6a80000)
 Metaspace       used 58104K, capacity 58943K, committed 59028K, reserved 1099776K
  class space    used 7704K, capacity 7880K, committed 7936K, reserved 1048576K
Event: 25.063 GC heap after
Heap after GC invocations=9 (full 2):
 PSYoungGen      total 499200K, used 23226K [0x0000000715980000, 0x000000073f080000, 0x00000007c0000000)
  eden space 474624K, 0% used [0x0000000715980000,0x0000000715980000,0x0000000732900000)
  from space 24576K, 94% used [0x0000000732900000,0x0000000733fae8e8,0x0000000734100000)
  to   space 25600K, 0% used [0x000000073d780000,0x000000073d780000,0x000000073f080000)
 ParOldGen       total 358912K, used 33168K [0x00000005c0c00000, 0x00000005d6a80000, 0x0000000715980000)
  object space 358912K, 9% used [0x00000005c0c00000,0x00000005c2c64130,0x00000005d6a80000)
 Metaspace       used 58104K, capacity 58943K, committed 59028K, reserved 1099776K
  class space    used 7704K, capacity 7880K, committed 7936K, reserved 1048576K
}
Event: 25.063 GC heap before
{Heap before GC invocations=10 (full 3):
 PSYoungGen      total 499200K, used 23226K [0x0000000715980000, 0x000000073f080000, 0x00000007c0000000)
  eden space 474624K, 0% used [0x0000000715980000,0x0000000715980000,0x0000000732900000)
  from space 24576K, 94% used [0x0000000732900000,0x0000000733fae8e8,0x0000000734100000)
  to   space 25600K, 0% used [0x000000073d780000,0x000000073d780000,0x000000073f080000)
 ParOldGen       total 358912K, used 33168K [0x00000005c0c00000, 0x00000005d6a80000, 0x0000000715980000)
  object space 358912K, 9% used [0x00000005c0c00000,0x00000005c2c64130,0x00000005d6a80000)
 Metaspace       used 58104K, capacity 58943K, committed 59028K, reserved 1099776K
  class space    used 7704K, capacity 7880K, committed 7936K, reserved 1048576K
Event: 25.181 GC heap after
Heap after GC invocations=10 (full 3):
 PSYoungGen      total 499200K, used 0K [0x0000000715980000, 0x000000073f080000, 0x00000007c0000000)
  eden space 474624K, 0% used [0x0000000715980000,0x0000000715980000,0x0000000732900000)
  from space 24576K, 0% used [0x0000000732900000,0x0000000732900000,0x0000000734100000)
  to   space 25600K, 0% used [0x000000073d780000,0x000000073d780000,0x000000073f080000)
 ParOldGen       total 500736K, used 39821K [0x00000005c0c00000, 0x00000005df500000, 0x0000000715980000)
  object space 500736K, 7% used [0x00000005c0c00000,0x00000005c32e36e0,0x00000005df500000)
 Metaspace       used 58100K, capacity 58931K, committed 59028K, reserved 1099776K
  class space    used 7703K, capacity 7878K, committed 7936K, reserved 1048576K
}

