# JRE version: Java(TM) SE Runtime Environment (8.0_101-b13) (build 1.8.0_101-b13)
# Java VM: Java HotSpot(TM) 64-Bit Server VM (25.101-b13 mixed mode windows-amd64 compressed oops)
Heap:
 PSYoungGen      total 378880K, used 368721K [0x0000000715980000, 0x0000000734980000, 0x00000007c0000000)
  eden space 357376K, 97% used [0x0000000715980000,0x000000072ac97a00,0x000000072b680000)
  from space 21504K, 99% used [0x000000072b680000,0x000000072cb7cbe0,0x000000072cb80000)
  to   space 22016K, 0% used [0x0000000733400000,0x0000000733400000,0x0000000734980000)
 ParOldGen       total 370688K, used 29121K [0x00000005c0c00000, 0x00000005d7600000, 0x0000000715980000)
  object space 370688K, 7% used [0x00000005c0c00000,0x00000005c28705c8,0x00000005d7600000)
 Metaspace       used 57849K, capacity 58623K, committed 58840K, reserved 1099776K
  class space    used 7689K, capacity 7859K, committed 7936K, reserved 1048576K
GC Heap History (10 events):
Event: 1.037 GC heap before
{Heap before GC invocations=3 (full 1):
 PSYoungGen      total 284672K, used 16109K [0x0000000715980000, 0x0000000728480000, 0x00000007c0000000)
  eden space 263168K, 0% used [0x0000000715980000,0x0000000715980000,0x0000000725a80000)
  from space 21504K, 74% used [0x0000000726f80000,0x0000000727f3b600,0x0000000728480000)
  to   space 21504K, 0% used [0x0000000725a80000,0x0000000725a80000,0x0000000726f80000)
 ParOldGen       total 349696K, used 96K [0x00000005c0c00000, 0x00000005d6180000, 0x0000000715980000)
  object space 349696K, 0% used [0x00000005c0c00000,0x00000005c0c18010,0x00000005d6180000)
 Metaspace       used 20836K, capacity 21166K, committed 21248K, reserved 1067008K
  class space    used 2653K, capacity 2734K, committed 2816K, reserved 1048576K
Event: 1.063 GC heap after
Heap after GC invocations=3 (full 1):
 PSYoungGen      total 284672K, used 0K [0x0000000715980000, 0x0000000728480000, 0x00000007c0000000)
  eden space 263168K, 0% used [0x0000000715980000,0x0000000715980000,0x0000000725a80000)
  from space 21504K, 0% used [0x0000000726f80000,0x0000000726f80000,0x0000000728480000)
  to   space 21504K, 0% used [0x0000000725a80000,0x0000000725a80000,0x0000000726f80000)
 ParOldGen       total 222720K, used 15658K [0x00000005c0c00000, 0x00000005ce580000, 0x0000000715980000)
  object space 222720K, 7% used [0x00000005c0c00000,0x00000005c1b4ab30,0x00000005ce580000)
 Metaspace       used 20836K, capacity 21166K, committed 21248K, reserved 1067008K
  class space    used 2653K, capacity 2734K, committed 2816K, reserved 1048576K
}
Event: 2.131 GC heap before
{Heap before GC invocations=4 (full 1):
 PSYoungGen      total 284672K, used 263168K [0x0000000715980000, 0x0000000728480000, 0x00000007c0000000)
  eden space 263168K, 100% used [0x0000000715980000,0x0000000725a80000,0x0000000725a80000)
  from space 21504K, 0% used [0x0000000726f80000,0x0000000726f80000,0x0000000728480000)
  to   space 21504K, 0% used [0x0000000725a80000,0x0000000725a80000,0x0000000726f80000)
 ParOldGen       total 222720K, used 15658K [0x00000005c0c00000, 0x00000005ce580000, 0x0000000715980000)
  object space 222720K, 7% used [0x00000005c0c00000,0x00000005c1b4ab30,0x00000005ce580000)
 Metaspace       used 28591K, capacity 29066K, committed 29312K, reserved 1075200K
  class space    used 3732K, capacity 3848K, committed 3968K, reserved 1048576K
Event: 2.139 GC heap after
Heap after GC invocations=4 (full 1):
 PSYoungGen      total 284672K, used 15388K [0x0000000715980000, 0x000000072e480000, 0x00000007c0000000)
  eden space 263168K, 0% used [0x0000000715980000,0x0000000715980000,0x0000000725a80000)
  from space 21504K, 71% used [0x0000000725a80000,0x0000000726987330,0x0000000726f80000)
  to   space 21504K, 0% used [0x000000072cf80000,0x000000072cf80000,0x000000072e480000)
 ParOldGen       total 222720K, used 15666K [0x00000005c0c00000, 0x00000005ce580000, 0x0000000715980000)
  object space 222720K, 7% used [0x00000005c0c00000,0x00000005c1b4cb30,0x00000005ce580000)
 Metaspace       used 28591K, capacity 29066K, committed 29312K, reserved 1075200K
  class space    used 3732K, capacity 3848K, committed 3968K, reserved 1048576K
}
Event: 3.132 GC heap before
{Heap before GC invocations=5 (full 1):
 PSYoungGen      total 284672K, used 203662K [0x0000000715980000, 0x000000072e480000, 0x00000007c0000000)
  eden space 263168K, 71% used [0x0000000715980000,0x000000072115c818,0x0000000725a80000)
  from space 21504K, 71% used [0x0000000725a80000,0x0000000726987330,0x0000000726f80000)
  to   space 21504K, 0% used [0x000000072cf80000,0x000000072cf80000,0x000000072e480000)
 ParOldGen       total 222720K, used 15666K [0x00000005c0c00000, 0x00000005ce580000, 0x0000000715980000)
  object space 222720K, 7% used [0x00000005c0c00000,0x00000005c1b4cb30,0x00000005ce580000)
 Metaspace       used 34797K, capacity 35244K, committed 35416K, reserved 1079296K
  class space    used 4555K, capacity 4659K, committed 4736K, reserved 1048576K
Event: 3.140 GC heap after
Heap after GC invocations=5 (full 1):
 PSYoungGen      total 371200K, used 17407K [0x0000000715980000, 0x000000072e080000, 0x00000007c0000000)
  eden space 353792K, 0% used [0x0000000715980000,0x0000000715980000,0x000000072b300000)
  from space 17408K, 99% used [0x000000072cf80000,0x000000072e07fc08,0x000000072e080000)
  to   space 21504K, 0% used [0x000000072b680000,0x000000072b680000,0x000000072cb80000)
 ParOldGen       total 222720K, used 15674K [0x00000005c0c00000, 0x00000005ce580000, 0x0000000715980000)
  object space 222720K, 7% used [0x00000005c0c00000,0x00000005c1b4eb30,0x00000005ce580000)
 Metaspace       used 34797K, capacity 35244K, committed 35416K, reserved 1079296K
  class space    used 4555K, capacity 4659K, committed 4736K, reserved 1048576K
}
Event: 3.140 GC heap before
{Heap before GC invocations=6 (full 2):
 PSYoungGen      total 371200K, used 17407K [0x0000000715980000, 0x000000072e080000, 0x00000007c0000000)
  eden space 353792K, 0% used [0x0000000715980000,0x0000000715980000,0x000000072b300000)
  from space 17408K, 99% used [0x000000072cf80000,0x000000072e07fc08,0x000000072e080000)
  to   space 21504K, 0% used [0x000000072b680000,0x000000072b680000,0x000000072cb80000)
 ParOldGen       total 222720K, used 15674K [0x00000005c0c00000, 0x00000005ce580000, 0x0000000715980000)
  object space 222720K, 7% used [0x00000005c0c00000,0x00000005c1b4eb30,0x00000005ce580000)
 Metaspace       used 34797K, capacity 35244K, committed 35416K, reserved 1079296K
  class space    used 4555K, capacity 4659K, committed 4736K, reserved 1048576K
Event: 3.188 GC heap after
Heap after GC invocations=6 (full 2):
 PSYoungGen      total 371200K, used 0K [0x0000000715980000, 0x000000072e080000, 0x00000007c0000000)
  eden space 353792K, 0% used [0x0000000715980000,0x0000000715980000,0x000000072b300000)
  from space 17408K, 0% used [0x000000072cf80000,0x000000072cf80000,0x000000072e080000)
  to   space 21504K, 0% used [0x000000072b680000,0x000000072b680000,0x000000072cb80000)
 ParOldGen       total 370688K, used 28842K [0x00000005c0c00000, 0x00000005d7600000, 0x0000000715980000)
  object space 370688K, 7% used [0x00000005c0c00000,0x00000005c282ab98,0x00000005d7600000)
 Metaspace       used 34797K, capacity 35244K, committed 35416K, reserved 1079296K
  class space    used 4555K, capacity 4659K, committed 4736K, reserved 1048576K
}
Event: 5.694 GC heap before
{Heap before GC invocations=7 (full 2):
 PSYoungGen      total 371200K, used 353792K [0x0000000715980000, 0x000000072e080000, 0x00000007c0000000)
  eden space 353792K, 100% used [0x0000000715980000,0x000000072b300000,0x000000072b300000)
  from space 17408K, 0% used [0x000000072cf80000,0x000000072cf80000,0x000000072e080000)
  to   space 21504K, 0% used [0x000000072b680000,0x000000072b680000,0x000000072cb80000)
 ParOldGen       total 370688K, used 28842K [0x00000005c0c00000, 0x00000005d7600000, 0x0000000715980000)
  object space 370688K, 7% used [0x00000005c0c00000,0x00000005c282ab98,0x00000005d7600000)
 Metaspace       used 47343K, capacity 47916K, committed 48088K, reserved 1091584K
  class space    used 6202K, capacity 6329K, committed 6400K, reserved 1048576K
Event: 5.704 GC heap after
Heap after GC invocations=7 (full 2):
 PSYoungGen      total 378880K, used 21490K [0x0000000715980000, 0x0000000734980000, 0x00000007c0000000)
  eden space 357376K, 0% used [0x0000000715980000,0x0000000715980000,0x000000072b680000)
  from space 21504K, 99% used [0x000000072b680000,0x000000072cb7cbe0,0x000000072cb80000)
  to   space 22016K, 0% used [0x0000000733400000,0x0000000733400000,0x0000000734980000)
 ParOldGen       total 370688K, used 29121K [0x00000005c0c00000, 0x00000005d7600000, 0x0000000715980000)
  object space 370688K, 7% used [0x00000005c0c00000,0x00000005c28705c8,0x00000005d7600000)
 Metaspace       used 47343K, capacity 47916K, committed 48088K, reserved 1091584K
  class space    used 6202K, capacity 6329K, committed 6400K, reserved 1048576K
}

